c:\chandu\cpp_preparation\cpp_edabit\cpp_codesignal\debug\vc142.pdb
c:\chandu\cpp_preparation\cpp_edabit\cpp_codesignal\debug\vc142.idb
c:\chandu\cpp_preparation\cpp_edabit\cpp_codesignal\debug\reverseinparentheses.obj
c:\chandu\cpp_preparation\cpp_edabit\cpp_codesignal\debug\returntheremainderfromtwonumbers.obj
c:\chandu\cpp_preparation\cpp_edabit\cpp_codesignal\debug\palindromerearranging.obj
c:\chandu\cpp_preparation\cpp_edabit\cpp_codesignal\debug\namespace.obj
c:\chandu\cpp_preparation\cpp_edabit\cpp_codesignal\debug\memorymanagement.obj
c:\chandu\cpp_preparation\cpp_edabit\cpp_codesignal\debug\makearrayconsecutive.obj
c:\chandu\cpp_preparation\cpp_edabit\cpp_codesignal\debug\main.obj
c:\chandu\cpp_preparation\cpp_edabit\cpp_codesignal\debug\lucky.obj
c:\chandu\cpp_preparation\cpp_edabit\cpp_codesignal\debug\longeststrings.obj
c:\chandu\cpp_preparation\cpp_edabit\cpp_codesignal\debug\freeroomsmatrixelementssum.obj
c:\chandu\cpp_preparation\cpp_edabit\cpp_codesignal\debug\countlettersinawordsearch.obj
c:\chandu\cpp_preparation\cpp_edabit\cpp_codesignal\debug\converthoursintoseconds.obj
c:\chandu\cpp_preparation\cpp_edabit\cpp_codesignal\debug\checkpalindrome.obj
c:\chandu\cpp_preparation\cpp_edabit\cpp_codesignal\debug\charactercount.obj
c:\chandu\cpp_preparation\cpp_edabit\cpp_codesignal\debug\arraychange.obj
c:\chandu\cpp_preparation\cpp_edabit\cpp_codesignal\debug\aresimilar.obj
c:\chandu\cpp_preparation\cpp_edabit\cpp_codesignal\debug\alternatingsums.obj
c:\chandu\cpp_preparation\cpp_edabit\cpp_codesignal\debug\almostincreasingsequence.obj
c:\chandu\cpp_preparation\cpp_edabit\cpp_codesignal\debug\adjacentelementsproduct.obj
c:\chandu\cpp_preparation\cpp_edabit\cpp_codesignal\debug\addborder.obj
c:\chandu\cpp_preparation\cpp_edabit\cpp_codesignal\debug\fileio.obj
c:\chandu\cpp_preparation\cpp_edabit\cpp_codesignal\debug\sortbyheight.obj
c:\chandu\cpp_preparation\cpp_edabit\cpp_codesignal\debug\cpp_edabit_challenges.exe
c:\chandu\cpp_preparation\cpp_edabit\cpp_codesignal\debug\cpp_edabit_challenges.ilk
c:\chandu\cpp_preparation\cpp_edabit\cpp_codesignal\debug\cpp_edabit_challenges.pdb
c:\chandu\cpp_preparation\cpp_edabit\cpp_codesignal\debug\cpp_edab.739cc8b8.tlog\cl.command.1.tlog
c:\chandu\cpp_preparation\cpp_edabit\cpp_codesignal\debug\cpp_edab.739cc8b8.tlog\cl.read.1.tlog
c:\chandu\cpp_preparation\cpp_edabit\cpp_codesignal\debug\cpp_edab.739cc8b8.tlog\cl.write.1.tlog
c:\chandu\cpp_preparation\cpp_edabit\cpp_codesignal\debug\cpp_edab.739cc8b8.tlog\link.command.1.tlog
c:\chandu\cpp_preparation\cpp_edabit\cpp_codesignal\debug\cpp_edab.739cc8b8.tlog\link.read.1.tlog
c:\chandu\cpp_preparation\cpp_edabit\cpp_codesignal\debug\cpp_edab.739cc8b8.tlog\link.write.1.tlog
